<?xml version="1.0" encoding="UTF-8"?>
<testng-results ignored="0" total="3" passed="3" failed="0" skipped="0">
  <reporter-output>
  </reporter-output>
  <suite started-at="2024-11-12T03:25:25 IST" name="Suite" finished-at="2024-11-12T03:26:12 IST" duration-ms="47374">
    <groups>
    </groups>
    <test started-at="2024-11-12T03:25:25 IST" name="Test" finished-at="2024-11-12T03:26:12 IST" duration-ms="47374">
      <class name="tests.LoginTest">
        <test-method is-config="true" signature="launchApplication()[pri:0, instance:tests.LoginTest@cb191ca]" started-at="2024-11-12T03:25:25 IST" name="launchApplication" finished-at="2024-11-12T03:25:31 IST" duration-ms="6768" status="PASS">
          <reporter-output>
          </reporter-output>
        </test-method> <!-- launchApplication -->
        <test-method signature="loginToHomePage()[pri:0, instance:tests.LoginTest@cb191ca]" started-at="2024-11-12T03:25:31 IST" name="loginToHomePage" finished-at="2024-11-12T03:25:41 IST" duration-ms="9290" status="PASS">
          <reporter-output>
          </reporter-output>
        </test-method> <!-- loginToHomePage -->
        <test-method is-config="true" signature="closeApplication()[pri:0, instance:tests.LoginTest@cb191ca]" started-at="2024-11-12T03:25:41 IST" name="closeApplication" finished-at="2024-11-12T03:25:41 IST" duration-ms="622" status="PASS">
          <reporter-output>
          </reporter-output>
        </test-method> <!-- closeApplication -->
      </class> <!-- tests.LoginTest -->
      <class name="tests.HomePageTest">
        <test-method is-config="true" signature="launchApplication()[pri:0, instance:tests.HomePageTest@47db5fa5]" started-at="2024-11-12T03:25:41 IST" name="launchApplication" finished-at="2024-11-12T03:25:47 IST" duration-ms="5660" status="PASS">
          <reporter-output>
          </reporter-output>
        </test-method> <!-- launchApplication -->
        <test-method signature="verifyTitle()[pri:0, instance:tests.HomePageTest@47db5fa5]" started-at="2024-11-12T03:25:47 IST" name="verifyTitle" finished-at="2024-11-12T03:25:57 IST" duration-ms="10031" status="PASS">
          <reporter-output>
          </reporter-output>
        </test-method> <!-- verifyTitle -->
        <test-method is-config="true" signature="closeApplication()[pri:0, instance:tests.HomePageTest@47db5fa5]" started-at="2024-11-12T03:25:57 IST" name="closeApplication" finished-at="2024-11-12T03:25:58 IST" duration-ms="605" status="PASS">
          <reporter-output>
          </reporter-output>
        </test-method> <!-- closeApplication -->
        <test-method is-config="true" signature="launchApplication()[pri:0, instance:tests.HomePageTest@47db5fa5]" started-at="2024-11-12T03:25:58 IST" name="launchApplication" finished-at="2024-11-12T03:26:03 IST" duration-ms="5303" status="PASS">
          <reporter-output>
          </reporter-output>
        </test-method> <!-- launchApplication -->
        <test-method signature="homePageTest()[pri:1, instance:tests.HomePageTest@47db5fa5]" started-at="2024-11-12T03:26:03 IST" name="homePageTest" finished-at="2024-11-12T03:26:11 IST" duration-ms="8453" status="PASS">
          <reporter-output>
          </reporter-output>
        </test-method> <!-- homePageTest -->
        <test-method is-config="true" signature="closeApplication()[pri:0, instance:tests.HomePageTest@47db5fa5]" started-at="2024-11-12T03:26:11 IST" name="closeApplication" finished-at="2024-11-12T03:26:12 IST" duration-ms="608" status="PASS">
          <reporter-output>
          </reporter-output>
        </test-method> <!-- closeApplication -->
      </class> <!-- tests.HomePageTest -->
    </test> <!-- Test -->
  </suite> <!-- Suite -->
</testng-results>
