<?xml version="1.0" encoding="UTF-8"?>
<!-- Generated by org.testng.reporters.JUnitXMLReporter -->
<testsuite ignored="0" hostname="DESKTOP-108LP4U" failures="0" tests="3" name="Test" time="47.374" errors="0" timestamp="2024-11-12T03:26:12 IST">
  <testcase classname="tests.LoginTest" name="loginToHomePage" time="9.29"/>
  <testcase classname="tests.HomePageTest" name="verifyTitle" time="10.031"/>
  <testcase classname="tests.HomePageTest" name="homePageTest" time="8.453"/>
</testsuite> <!-- Test -->
